<?xml version="1.0" encoding="UTF-8"?>
<!-- Generated by org.testng.reporters.JUnitReportReporter -->
<testsuite ignored="0" hostname="Karan-Lenovo" failures="0" tests="1" name="Itime.itimelogin" time="22.838" errors="0" timestamp="30 Aug 2021 21:04:59 GMT" skipped="0">
  <testcase classname="Itime.itimelogin" name="f" time="22.838"/>
</testsuite> <!-- Itime.itimelogin -->
